<?xml version="1.0" encoding="UTF-8"?>
<!-- Generated by org.testng.reporters.JUnitReportReporter -->
<testsuite skipped="0" hostname="LAPTOP-5SR2H26G" name="Book.E2EProject.HomePage" tests="1" failures="0" timestamp="10 May 2022 20:56:18 GMT" time="37.019" errors="0">
  <testcase name="basepageNavigation" time="37.019" classname="Book.E2EProject.HomePage"/>
</testsuite> <!-- Book.E2EProject.HomePage -->
