<?xml version="1.0" encoding="UTF-8"?>
<!-- Generated by org.testng.reporters.JUnitReportReporter -->
<testsuite skipped="0" hostname="LAPTOP-5SR2H26G" name="Book.E2EProject.HomePage" tests="1" failures="0" timestamp="09 May 2022 16:58:44 GMT" time="33.398" errors="0">
  <testcase name="basepageNavigation" time="33.398" classname="Book.E2EProject.HomePage"/>
</testsuite> <!-- Book.E2EProject.HomePage -->
